[2024-11-19 12:09:48] local.ERROR: Command "about" is not defined. {"exception":"[object] (Symfony\\Component\\Console\\Exception\\CommandNotFoundException(code: 0): Command \"about\" is not defined. at /Users/shakir/Herd/smp/vendor/symfony/console/Application.php:678)
[stacktrace]
#0 /Users/shakir/Herd/smp/vendor/symfony/console/Application.php(237): Symfony\\Component\\Console\\Application->find('about')
#1 /Users/shakir/Herd/smp/vendor/symfony/console/Application.php(149): Symfony\\Component\\Console\\Application->doRun(Object(Symfony\\Component\\Console\\Input\\ArgvInput), Object(Symfony\\Component\\Console\\Output\\ConsoleOutput))
#2 /Users/shakir/Herd/smp/vendor/laravel/framework/src/Illuminate/Console/Application.php(90): Symfony\\Component\\Console\\Application->run(Object(Symfony\\Component\\Console\\Input\\ArgvInput), Object(Symfony\\Component\\Console\\Output\\ConsoleOutput))
#3 /Users/shakir/Herd/smp/vendor/laravel/framework/src/Illuminate/Foundation/Console/Kernel.php(133): Illuminate\\Console\\Application->run(Object(Symfony\\Component\\Console\\Input\\ArgvInput), Object(Symfony\\Component\\Console\\Output\\ConsoleOutput))
#4 /Users/shakir/Herd/smp/artisan(37): Illuminate\\Foundation\\Console\\Kernel->handle(Object(Symfony\\Component\\Console\\Input\\ArgvInput), Object(Symfony\\Component\\Console\\Output\\ConsoleOutput))
#5 {main}
"} 
[2024-11-19 12:14:55] local.ERROR: The /Users/shakir/Herd/smp/bootstrap/cache directory must be present and writable. {"exception":"[object] (Exception(code: 0): The /Users/shakir/Herd/smp/bootstrap/cache directory must be present and writable. at /Users/shakir/Herd/smp/vendor/laravel/framework/src/Illuminate/Foundation/PackageManifest.php:170)
[stacktrace]
#0 /Users/shakir/Herd/smp/vendor/laravel/framework/src/Illuminate/Foundation/PackageManifest.php(129): Illuminate\\Foundation\\PackageManifest->write(Array)
#1 /Users/shakir/Herd/smp/vendor/laravel/framework/src/Illuminate/Foundation/PackageManifest.php(97): Illuminate\\Foundation\\PackageManifest->build()
#2 /Users/shakir/Herd/smp/vendor/laravel/framework/src/Illuminate/Foundation/PackageManifest.php(80): Illuminate\\Foundation\\PackageManifest->getManifest()
#3 /Users/shakir/Herd/smp/vendor/laravel/framework/src/Illuminate/Foundation/Bootstrap/RegisterFacades.php(26): Illuminate\\Foundation\\PackageManifest->aliases()
#4 /Users/shakir/Herd/smp/vendor/laravel/framework/src/Illuminate/Foundation/Application.php(210): Illuminate\\Foundation\\Bootstrap\\RegisterFacades->bootstrap(Object(Illuminate\\Foundation\\Application))
#5 /Users/shakir/Herd/smp/vendor/laravel/framework/src/Illuminate/Foundation/Console/Kernel.php(322): Illuminate\\Foundation\\Application->bootstrapWith(Array)
#6 /Users/shakir/Herd/smp/vendor/laravel/framework/src/Illuminate/Foundation/Console/Kernel.php(131): Illuminate\\Foundation\\Console\\Kernel->bootstrap()
#7 /Users/shakir/Herd/smp/artisan(37): Illuminate\\Foundation\\Console\\Kernel->handle(Object(Symfony\\Component\\Console\\Input\\ArgvInput), Object(Symfony\\Component\\Console\\Output\\ConsoleOutput))
#8 {main}
"} 
[2024-11-19 12:15:00] local.ERROR: The /Users/shakir/Herd/smp/bootstrap/cache directory must be present and writable. {"exception":"[object] (Exception(code: 0): The /Users/shakir/Herd/smp/bootstrap/cache directory must be present and writable. at /Users/shakir/Herd/smp/vendor/laravel/framework/src/Illuminate/Foundation/PackageManifest.php:170)
[stacktrace]
#0 /Users/shakir/Herd/smp/vendor/laravel/framework/src/Illuminate/Foundation/PackageManifest.php(129): Illuminate\\Foundation\\PackageManifest->write(Array)
#1 /Users/shakir/Herd/smp/vendor/laravel/framework/src/Illuminate/Foundation/PackageManifest.php(97): Illuminate\\Foundation\\PackageManifest->build()
#2 /Users/shakir/Herd/smp/vendor/laravel/framework/src/Illuminate/Foundation/PackageManifest.php(80): Illuminate\\Foundation\\PackageManifest->getManifest()
#3 /Users/shakir/Herd/smp/vendor/laravel/framework/src/Illuminate/Foundation/Bootstrap/RegisterFacades.php(26): Illuminate\\Foundation\\PackageManifest->aliases()
#4 /Users/shakir/Herd/smp/vendor/laravel/framework/src/Illuminate/Foundation/Application.php(210): Illuminate\\Foundation\\Bootstrap\\RegisterFacades->bootstrap(Object(Illuminate\\Foundation\\Application))
#5 /Users/shakir/Herd/smp/vendor/laravel/framework/src/Illuminate/Foundation/Console/Kernel.php(322): Illuminate\\Foundation\\Application->bootstrapWith(Array)
#6 /Users/shakir/Herd/smp/vendor/laravel/framework/src/Illuminate/Foundation/Console/Kernel.php(131): Illuminate\\Foundation\\Console\\Kernel->bootstrap()
#7 Command line code(1): Illuminate\\Foundation\\Console\\Kernel->handle(Object(Symfony\\Component\\Console\\Input\\ArgvInput), Object(Symfony\\Component\\Console\\Output\\ConsoleOutput))
#8 {main}
"} 
[2024-11-19 12:15:00] local.ERROR: The /Users/shakir/Herd/smp/bootstrap/cache directory must be present and writable. {"exception":"[object] (Exception(code: 0): The /Users/shakir/Herd/smp/bootstrap/cache directory must be present and writable. at /Users/shakir/Herd/smp/vendor/laravel/framework/src/Illuminate/Foundation/PackageManifest.php:170)
[stacktrace]
#0 /Users/shakir/Herd/smp/vendor/laravel/framework/src/Illuminate/Foundation/PackageManifest.php(129): Illuminate\\Foundation\\PackageManifest->write(Array)
#1 /Users/shakir/Herd/smp/vendor/laravel/framework/src/Illuminate/Foundation/PackageManifest.php(97): Illuminate\\Foundation\\PackageManifest->build()
#2 /Users/shakir/Herd/smp/vendor/laravel/framework/src/Illuminate/Foundation/PackageManifest.php(80): Illuminate\\Foundation\\PackageManifest->getManifest()
#3 /Users/shakir/Herd/smp/vendor/laravel/framework/src/Illuminate/Foundation/Bootstrap/RegisterFacades.php(26): Illuminate\\Foundation\\PackageManifest->aliases()
#4 /Users/shakir/Herd/smp/vendor/laravel/framework/src/Illuminate/Foundation/Application.php(210): Illuminate\\Foundation\\Bootstrap\\RegisterFacades->bootstrap(Object(Illuminate\\Foundation\\Application))
#5 /Users/shakir/Herd/smp/vendor/laravel/framework/src/Illuminate/Foundation/Console/Kernel.php(322): Illuminate\\Foundation\\Application->bootstrapWith(Array)
#6 /Users/shakir/Herd/smp/vendor/laravel/framework/src/Illuminate/Foundation/Console/Kernel.php(131): Illuminate\\Foundation\\Console\\Kernel->bootstrap()
#7 Command line code(1): Illuminate\\Foundation\\Console\\Kernel->handle(Object(Symfony\\Component\\Console\\Input\\ArgvInput), Object(Symfony\\Component\\Console\\Output\\ConsoleOutput))
#8 {main}
"} 
[2024-11-19 12:28:41] local.ERROR: Command "about" is not defined. {"exception":"[object] (Symfony\\Component\\Console\\Exception\\CommandNotFoundException(code: 0): Command \"about\" is not defined. at /Users/shakir/Herd/smp/vendor/symfony/console/Application.php:678)
[stacktrace]
#0 /Users/shakir/Herd/smp/vendor/symfony/console/Application.php(237): Symfony\\Component\\Console\\Application->find('about')
#1 /Users/shakir/Herd/smp/vendor/symfony/console/Application.php(149): Symfony\\Component\\Console\\Application->doRun(Object(Symfony\\Component\\Console\\Input\\ArgvInput), Object(Symfony\\Component\\Console\\Output\\ConsoleOutput))
#2 /Users/shakir/Herd/smp/vendor/laravel/framework/src/Illuminate/Console/Application.php(90): Symfony\\Component\\Console\\Application->run(Object(Symfony\\Component\\Console\\Input\\ArgvInput), Object(Symfony\\Component\\Console\\Output\\ConsoleOutput))
#3 /Users/shakir/Herd/smp/vendor/laravel/framework/src/Illuminate/Foundation/Console/Kernel.php(133): Illuminate\\Console\\Application->run(Object(Symfony\\Component\\Console\\Input\\ArgvInput), Object(Symfony\\Component\\Console\\Output\\ConsoleOutput))
#4 /Users/shakir/Herd/smp/artisan(37): Illuminate\\Foundation\\Console\\Kernel->handle(Object(Symfony\\Component\\Console\\Input\\ArgvInput), Object(Symfony\\Component\\Console\\Output\\ConsoleOutput))
#5 {main}
"} 
[2024-11-19 12:28:44] local.ERROR: Command "about" is not defined. {"exception":"[object] (Symfony\\Component\\Console\\Exception\\CommandNotFoundException(code: 0): Command \"about\" is not defined. at /Users/shakir/Herd/smp/vendor/symfony/console/Application.php:678)
[stacktrace]
#0 /Users/shakir/Herd/smp/vendor/symfony/console/Application.php(237): Symfony\\Component\\Console\\Application->find('about')
#1 /Users/shakir/Herd/smp/vendor/symfony/console/Application.php(149): Symfony\\Component\\Console\\Application->doRun(Object(Symfony\\Component\\Console\\Input\\ArgvInput), Object(Symfony\\Component\\Console\\Output\\ConsoleOutput))
#2 /Users/shakir/Herd/smp/vendor/laravel/framework/src/Illuminate/Console/Application.php(90): Symfony\\Component\\Console\\Application->run(Object(Symfony\\Component\\Console\\Input\\ArgvInput), Object(Symfony\\Component\\Console\\Output\\ConsoleOutput))
#3 /Users/shakir/Herd/smp/vendor/laravel/framework/src/Illuminate/Foundation/Console/Kernel.php(133): Illuminate\\Console\\Application->run(Object(Symfony\\Component\\Console\\Input\\ArgvInput), Object(Symfony\\Component\\Console\\Output\\ConsoleOutput))
#4 /Users/shakir/Herd/smp/artisan(37): Illuminate\\Foundation\\Console\\Kernel->handle(Object(Symfony\\Component\\Console\\Input\\ArgvInput), Object(Symfony\\Component\\Console\\Output\\ConsoleOutput))
#5 {main}
"} 
